
> @heys/shared@13.0.0 type-check C:\! HEYS 2\packages\shared
> tsc --noEmit

src/day/heys_day_v12.ts(15,8): error TS2307: Cannot find module './types/heys' or its corresponding type declarations.
src/day/heys_day_v12.ts(27,11): error TS6196: 'MealComponentProps' is declared but never used.
src/day/heys_day_v12.ts(36,11): error TS6196: 'MealItemComponentProps' is declared but never used.
src/day/heys_day_v12.ts(45,11): error TS6196: 'MealAddProductProps' is declared but never used.
src/day/heys_day_v12.ts(52,11): error TS6196: 'TrainingComponentProps' is declared but never used.
src/day/heys_day_v12.ts(72,12): error TS6133: 'fmtDate' is declared but its value is never read.
src/day/heys_day_v12.ts(76,12): error TS6133: 'parseISO' is declared but its value is never read.
src/day/heys_day_v12.ts(132,12): error TS6133: 'clamp' is declared but its value is never read.
src/day/heys_day_v12.ts(139,9): error TS6133: 'r1' is declared but its value is never read.
src/day/heys_day_v12.ts(188,12): error TS6133: 'mealTotals' is declared but its value is never read.
src/day/heys_day_v12.ts(253,11): error TS6133: 'pIndex' is declared but its value is never read.
src/misc/heys_error_boundary_v1.ts(4,53): error TS2307: Cannot find module './types/heys' or its corresponding type declarations.
src/misc/heys_error_boundary_v1.ts(346,20): error TS7031: Binding element 'error' implicitly has an 'any' type.
src/misc/heys_models_v1.ts(15,8): error TS2307: Cannot find module './types/heys' or its corresponding type declarations.
src/misc/heys_performance_monitor.ts(62,27): error TS6196: 'HEYSPerformance' is declared but never used.
src/misc/heys_performance_monitor.ts(62,44): error TS6196: 'HEYSAnalytics' is declared but never used.
src/misc/heys_performance_monitor.ts(62,65): error TS2307: Cannot find module './types/heys' or its corresponding type declarations.
src/misc/heys_performance_monitor.ts(193,13): error TS6133: 'fpsMeter' is declared but its value is never read.
src/misc/heys_performance_monitor.ts(593,38): error TS6133: 'details' is declared but its value is never read.
src/misc/heys_performance_monitor.ts(624,42): error TS6133: 'details' is declared but its value is never read.
src/misc/heys_performance_monitor.ts(633,31): error TS6133: 'details' is declared but its value is never read.
src/misc/heys_reports_v12.ts(70,8): error TS2307: Cannot find module './types/heys' or its corresponding type declarations.
src/misc/heys_reports_v12.ts(141,23): error TS2532: Object is possibly 'undefined'.
src/misc/heys_reports_v12.ts(141,34): error TS2532: Object is possibly 'undefined'.
src/misc/heys_reports_v12.ts(161,9): error TS6133: 'maxWeekCacheSize' is declared but its value is never read.
src/misc/heys_virtual_list_v1.ts(4,33): error TS2307: Cannot find module './types/heys' or its corresponding type declarations.
src/misc/heys_virtual_list_v1.ts(266,27): error TS6133: 'setItemHeights' is declared but its value is never read.
src/misc/heys_virtual_list_v1.ts(275,64): error TS2345: Argument of type 'VirtualListItem | undefined' is not assignable to parameter of type 'VirtualListItem'.
  Type 'undefined' is not assignable to type 'VirtualListItem'.
src/misc/heys_virtual_list_v1.ts(285,13): error TS2532: Object is possibly 'undefined'.
src/misc/heys_virtual_list_v1.ts(285,51): error TS2532: Object is possibly 'undefined'.
src/misc/heys_virtual_list_v1.ts(302,15): error TS18048: 'pos' is possibly 'undefined'.
src/misc/heys_virtual_list_v1.ts(312,15): error TS2532: Object is possibly 'undefined'.
src/misc/heys_virtual_list_v1.ts(354,24): error TS18048: 'pos' is possibly 'undefined'.
src/misc/heys_virtual_list_v1.ts(357,27): error TS18048: 'pos' is possibly 'undefined'.
src/performance/mobile-performance-optimizer.ts(176,5): error TS2375: Type '{ deviceType: "phone" | "tablet" | "desktop"; screenSize: { width: number; height: number; dpr: number; }; networkType: any; isLowEndDevice: boolean; supportedFeatures: { webgl: boolean; serviceWorker: boolean; webAssembly: boolean; intersectionObserver: boolean; passiveEventListeners: boolean; }; memoryInfo: { ...;...' is not assignable to type 'MobileDeviceInfo' with 'exactOptionalPropertyTypes: true'. Consider adding 'undefined' to the types of the target's properties.
  Types of property 'memoryInfo' are incompatible.
    Type '{ totalJSHeapSize: any; usedJSHeapSize: any; jsHeapSizeLimit: any; } | undefined' is not assignable to type '{ totalJSHeapSize: number; usedJSHeapSize: number; jsHeapSizeLimit: number; }'.
      Type 'undefined' is not assignable to type '{ totalJSHeapSize: number; usedJSHeapSize: number; jsHeapSizeLimit: number; }'.
src/security/validation.ts(63,28): error TS2503: Cannot find namespace 'DOMPurify'.
src/security/validation.ts(84,5): error TS2322: Type 'TrustedHTML' is not assignable to type 'string'.
src/user/heys_user_v12.ts(4,71): error TS2307: Cannot find module './types/heys' or its corresponding type declarations.
src/user/heys_user_v12.ts(18,32): error TS6133: 'round1' is declared but its value is never read.
src/user/heys_user_v12.ts(19,13): error TS6133: 'k' is declared but its value is never read.
src/user/heys_user_v12.ts(108,18): error TS7006: Parameter 'prev' implicitly has an 'any' type.
src/user/heys_user_v12.ts(220,20): error TS6133: 'props' is declared but its value is never read.
 ELIFECYCLE  Command failed with exit code 2.
