
> @heys/core@14.0.0 type-check C:\Users\Ant\HEYS-v2\packages\core
> tsc --noEmit

src/secure.ts(10,68): error TS6059: File 'C:/Users/Ant/HEYS-v2/packages/shared/src/index.ts' is not under 'rootDir' 'C:/Users/Ant/HEYS-v2/packages/core'. 'rootDir' is expected to contain all source files.
src/secure.ts(10,68): error TS6307: File 'C:/Users/Ant/HEYS-v2/packages/shared/src/index.ts' is not listed within the file list of project 'C:/Users/Ant/HEYS-v2/packages/core/tsconfig.json'. Projects must list all files or use an 'include' pattern.
src/server/router.ts(4,21): error TS7016: Could not find a declaration file for module 'express'. 'C:/Users/Ant/HEYS-v2/node_modules/.pnpm/express@4.21.2/node_modules/express/index.js' implicitly has an 'any' type.
  Try `npm i --save-dev @types/express` if it exists or add a new declaration (.d.ts) file containing `declare module 'express';`
src/server/router.ts(46,71): error TS7006: Parameter 'req' implicitly has an 'any' type.
src/server/router.ts(46,76): error TS7006: Parameter 'res' implicitly has an 'any' type.
src/server/router.ts(93,44): error TS2379: Argument of type '{ session: CuratorSessionPayload; allowedClientIds: string[]; supabase: { curatorId: string; } | undefined; }' is not assignable to parameter of type 'ActiveSession' with 'exactOptionalPropertyTypes: true'. Consider adding 'undefined' to the types of the target's properties.
  Types of property 'supabase' are incompatible.
    Type '{ curatorId: string; } | undefined' is not assignable to type '{ curatorId: string; }'.
      Type 'undefined' is not assignable to type '{ curatorId: string; }'.
src/server/router.ts(108,49): error TS7006: Parameter 'req' implicitly has an 'any' type.
src/server/router.ts(108,54): error TS7006: Parameter 'res' implicitly has an 'any' type.
src/server/router.ts(122,59): error TS7006: Parameter 'req' implicitly has an 'any' type.
src/server/router.ts(122,64): error TS7006: Parameter 'res' implicitly has an 'any' type.
src/server/router.ts(144,69): error TS7006: Parameter 'req' implicitly has an 'any' type.
src/server/router.ts(144,74): error TS7006: Parameter 'res' implicitly has an 'any' type.
src/server/router.ts(452,9): error TS2375: Type '{ id: string; name: string; email: string | undefined; status: ClientStatus; lastActivityAt: string; todaySummary: undefined; profile: ClientProfile | undefined; ... 5 more ...; dayData: undefined; }' is not assignable to type 'CuratorClientRecord' with 'exactOptionalPropertyTypes: true'. Consider adding 'undefined' to the types of the target's properties.
  Types of property 'email' are incompatible.
    Type 'string | undefined' is not assignable to type 'string'.
      Type 'undefined' is not assignable to type 'string'.
src/server/router.ts(488,3): error TS2375: Type '{ age: number | undefined; gender: "male" | "female" | undefined; weight: number | undefined; height: number | undefined; deficitPctTarget: number | undefined; }' is not assignable to type 'ClientProfile' with 'exactOptionalPropertyTypes: true'. Consider adding 'undefined' to the types of the target's properties.
  Types of property 'age' are incompatible.
    Type 'number | undefined' is not assignable to type 'number'.
      Type 'undefined' is not assignable to type 'number'.
src/server/supabaseCuratorService.ts(109,13): error TS2558: Expected 2 type arguments, but got 1.
src/server/supabaseCuratorService.ts(139,13): error TS2558: Expected 2 type arguments, but got 1.
src/server/supabaseCuratorService.ts(178,13): error TS2558: Expected 2 type arguments, but got 1.
src/server/supabaseCuratorService.ts(243,13): error TS2558: Expected 2 type arguments, but got 1.
src/server/supabaseCuratorService.ts(266,5): error TS2375: Type '{ id: string; name: string; email: string | undefined; status: ClientStatus; createdAt: string | undefined; updatedAt: string | undefined; lastActivityAt: string | undefined; }' is not assignable to type 'SupabaseClientRecord' with 'exactOptionalPropertyTypes: true'. Consider adding 'undefined' to the types of the target's properties.
  Types of property 'email' are incompatible.
    Type 'string | undefined' is not assignable to type 'string'.
      Type 'undefined' is not assignable to type 'string'.
src/server/supabaseCuratorService.ts(306,15): error TS2558: Expected 2 type arguments, but got 1.
src/server/supabaseCuratorService.ts(326,17): error TS2558: Expected 2 type arguments, but got 1.
src/server/supabaseCuratorService.ts(422,3): error TS2375: Type '{ key: string; rawKey: string; value: T; updatedAt: string | undefined; }' is not assignable to type 'ClientKvRecord<T>' with 'exactOptionalPropertyTypes: true'. Consider adding 'undefined' to the types of the target's properties.
  Types of property 'updatedAt' are incompatible.
    Type 'string | undefined' is not assignable to type 'string'.
      Type 'undefined' is not assignable to type 'string'.
src/server/telegramAuth.ts(101,3): error TS2375: Type '{ ok: true; user: TelegramUserInfo | undefined; }' is not assignable to type 'VerifyTelegramResult' with 'exactOptionalPropertyTypes: true'. Consider adding 'undefined' to the types of the target's properties.
  Types of property 'user' are incompatible.
    Type 'TelegramUserInfo | undefined' is not assignable to type 'TelegramUserInfo'.
      Type 'undefined' is not assignable to type 'TelegramUserInfo'.
../shared/src/index.ts(2,15): error TS6059: File 'C:/Users/Ant/HEYS-v2/packages/shared/src/database/DatabaseService.ts' is not under 'rootDir' 'C:/Users/Ant/HEYS-v2/packages/core'. 'rootDir' is expected to contain all source files.
  The file is in the program because:
    Imported via './database/DatabaseService' from file 'C:/Users/Ant/HEYS-v2/packages/shared/src/index.ts'
    Imported via '../database/DatabaseService' from file 'C:/Users/Ant/HEYS-v2/packages/shared/src/security/SecurityAnalyticsService.ts'
../shared/src/index.ts(2,15): error TS6307: File 'C:/Users/Ant/HEYS-v2/packages/shared/src/database/DatabaseService.ts' is not listed within the file list of project 'C:/Users/Ant/HEYS-v2/packages/core/tsconfig.json'. Projects must list all files or use an 'include' pattern.
  The file is in the program because:
    Imported via './database/DatabaseService' from file 'C:/Users/Ant/HEYS-v2/packages/shared/src/index.ts'
    Imported via '../database/DatabaseService' from file 'C:/Users/Ant/HEYS-v2/packages/shared/src/security/SecurityAnalyticsService.ts'
../shared/src/index.ts(3,15): error TS6059: File 'C:/Users/Ant/HEYS-v2/packages/shared/src/monitoring/index.ts' is not under 'rootDir' 'C:/Users/Ant/HEYS-v2/packages/core'. 'rootDir' is expected to contain all source files.
../shared/src/index.ts(3,15): error TS6307: File 'C:/Users/Ant/HEYS-v2/packages/shared/src/monitoring/index.ts' is not listed within the file list of project 'C:/Users/Ant/HEYS-v2/packages/core/tsconfig.json'. Projects must list all files or use an 'include' pattern.
../shared/src/index.ts(4,15): error TS6059: File 'C:/Users/Ant/HEYS-v2/packages/shared/src/security/index.ts' is not under 'rootDir' 'C:/Users/Ant/HEYS-v2/packages/core'. 'rootDir' is expected to contain all source files.
  The file is in the program because:
    Imported via './security' from file 'C:/Users/Ant/HEYS-v2/packages/shared/src/index.ts'
    Imported via '../security' from file 'C:/Users/Ant/HEYS-v2/packages/shared/src/security/pentest.ts'
../shared/src/index.ts(4,15): error TS6307: File 'C:/Users/Ant/HEYS-v2/packages/shared/src/security/index.ts' is not listed within the file list of project 'C:/Users/Ant/HEYS-v2/packages/core/tsconfig.json'. Projects must list all files or use an 'include' pattern.
  The file is in the program because:
    Imported via './security' from file 'C:/Users/Ant/HEYS-v2/packages/shared/src/index.ts'
    Imported via '../security' from file 'C:/Users/Ant/HEYS-v2/packages/shared/src/security/pentest.ts'
../shared/src/index.ts(5,15): error TS6059: File 'C:/Users/Ant/HEYS-v2/packages/shared/src/security/SecurityAnalyticsService.ts' is not under 'rootDir' 'C:/Users/Ant/HEYS-v2/packages/core'. 'rootDir' is expected to contain all source files.
../shared/src/index.ts(5,15): error TS6307: File 'C:/Users/Ant/HEYS-v2/packages/shared/src/security/SecurityAnalyticsService.ts' is not listed within the file list of project 'C:/Users/Ant/HEYS-v2/packages/core/tsconfig.json'. Projects must list all files or use an 'include' pattern.
../shared/src/monitoring/index.ts(18,8): error TS6059: File 'C:/Users/Ant/HEYS-v2/packages/shared/src/monitoring/performance.ts' is not under 'rootDir' 'C:/Users/Ant/HEYS-v2/packages/core'. 'rootDir' is expected to contain all source files.
  The file is in the program because:
    Imported via './performance' from file 'C:/Users/Ant/HEYS-v2/packages/shared/src/monitoring/index.ts'
    Imported via './performance' from file 'C:/Users/Ant/HEYS-v2/packages/shared/src/monitoring/index.ts'
    Imported via './performance' from file 'C:/Users/Ant/HEYS-v2/packages/shared/src/monitoring/index.ts'
../shared/src/monitoring/index.ts(18,8): error TS6307: File 'C:/Users/Ant/HEYS-v2/packages/shared/src/monitoring/performance.ts' is not listed within the file list of project 'C:/Users/Ant/HEYS-v2/packages/core/tsconfig.json'. Projects must list all files or use an 'include' pattern.
  The file is in the program because:
    Imported via './performance' from file 'C:/Users/Ant/HEYS-v2/packages/shared/src/monitoring/index.ts'
    Imported via './performance' from file 'C:/Users/Ant/HEYS-v2/packages/shared/src/monitoring/index.ts'
    Imported via './performance' from file 'C:/Users/Ant/HEYS-v2/packages/shared/src/monitoring/index.ts'
../shared/src/monitoring/index.ts(32,8): error TS6059: File 'C:/Users/Ant/HEYS-v2/packages/shared/src/monitoring/realtime.ts' is not under 'rootDir' 'C:/Users/Ant/HEYS-v2/packages/core'. 'rootDir' is expected to contain all source files.
../shared/src/monitoring/index.ts(32,8): error TS6307: File 'C:/Users/Ant/HEYS-v2/packages/shared/src/monitoring/realtime.ts' is not listed within the file list of project 'C:/Users/Ant/HEYS-v2/packages/core/tsconfig.json'. Projects must list all files or use an 'include' pattern.
../shared/src/security/index.ts(2,15): error TS6059: File 'C:/Users/Ant/HEYS-v2/packages/shared/src/security/headers.ts' is not under 'rootDir' 'C:/Users/Ant/HEYS-v2/packages/core'. 'rootDir' is expected to contain all source files.
  The file is in the program because:
    Imported via './headers' from file 'C:/Users/Ant/HEYS-v2/packages/shared/src/security/index.ts'
    Imported via './headers' from file 'C:/Users/Ant/HEYS-v2/packages/shared/src/security/index.ts'
../shared/src/security/index.ts(2,15): error TS6307: File 'C:/Users/Ant/HEYS-v2/packages/shared/src/security/headers.ts' is not listed within the file list of project 'C:/Users/Ant/HEYS-v2/packages/core/tsconfig.json'. Projects must list all files or use an 'include' pattern.
  The file is in the program because:
    Imported via './headers' from file 'C:/Users/Ant/HEYS-v2/packages/shared/src/security/index.ts'
    Imported via './headers' from file 'C:/Users/Ant/HEYS-v2/packages/shared/src/security/index.ts'
../shared/src/security/index.ts(3,15): error TS6059: File 'C:/Users/Ant/HEYS-v2/packages/shared/src/security/pentest.ts' is not under 'rootDir' 'C:/Users/Ant/HEYS-v2/packages/core'. 'rootDir' is expected to contain all source files.
  The file is in the program because:
    Imported via './pentest' from file 'C:/Users/Ant/HEYS-v2/packages/shared/src/security/index.ts'
    Imported via './pentest' from file 'C:/Users/Ant/HEYS-v2/packages/shared/src/security/index.ts'
../shared/src/security/index.ts(3,15): error TS6307: File 'C:/Users/Ant/HEYS-v2/packages/shared/src/security/pentest.ts' is not listed within the file list of project 'C:/Users/Ant/HEYS-v2/packages/core/tsconfig.json'. Projects must list all files or use an 'include' pattern.
  The file is in the program because:
    Imported via './pentest' from file 'C:/Users/Ant/HEYS-v2/packages/shared/src/security/index.ts'
    Imported via './pentest' from file 'C:/Users/Ant/HEYS-v2/packages/shared/src/security/index.ts'
../shared/src/security/index.ts(4,15): error TS6059: File 'C:/Users/Ant/HEYS-v2/packages/shared/src/security/validation.ts' is not under 'rootDir' 'C:/Users/Ant/HEYS-v2/packages/core'. 'rootDir' is expected to contain all source files.
  The file is in the program because:
    Imported via './validation' from file 'C:/Users/Ant/HEYS-v2/packages/shared/src/security/index.ts'
    Imported via './validation' from file 'C:/Users/Ant/HEYS-v2/packages/shared/src/security/index.ts'
../shared/src/security/index.ts(4,15): error TS6307: File 'C:/Users/Ant/HEYS-v2/packages/shared/src/security/validation.ts' is not listed within the file list of project 'C:/Users/Ant/HEYS-v2/packages/core/tsconfig.json'. Projects must list all files or use an 'include' pattern.
  The file is in the program because:
    Imported via './validation' from file 'C:/Users/Ant/HEYS-v2/packages/shared/src/security/index.ts'
    Imported via './validation' from file 'C:/Users/Ant/HEYS-v2/packages/shared/src/security/index.ts'
../shared/src/security/SecurityAnalyticsService.ts(2,33): error TS6059: File 'C:/Users/Ant/HEYS-v2/packages/shared/src/monitoring/structured-logger.ts' is not under 'rootDir' 'C:/Users/Ant/HEYS-v2/packages/core'. 'rootDir' is expected to contain all source files.
../shared/src/security/SecurityAnalyticsService.ts(2,33): error TS6307: File 'C:/Users/Ant/HEYS-v2/packages/shared/src/monitoring/structured-logger.ts' is not listed within the file list of project 'C:/Users/Ant/HEYS-v2/packages/core/tsconfig.json'. Projects must list all files or use an 'include' pattern.
../shared/src/security/SecurityAnalyticsService.ts(4,40): error TS6059: File 'C:/Users/Ant/HEYS-v2/packages/shared/src/security/threat-detection-bridge.ts' is not under 'rootDir' 'C:/Users/Ant/HEYS-v2/packages/core'. 'rootDir' is expected to contain all source files.
../shared/src/security/SecurityAnalyticsService.ts(4,40): error TS6307: File 'C:/Users/Ant/HEYS-v2/packages/shared/src/security/threat-detection-bridge.ts' is not listed within the file list of project 'C:/Users/Ant/HEYS-v2/packages/core/tsconfig.json'. Projects must list all files or use an 'include' pattern.
