{"C:\\! HEYS 2\\packages\\analytics\\src\\index.ts": {"path":"C:\\! HEYS 2\\packages\\analytics\\src\\index.ts","all":false,"statementMap":{"1":{"start":{"line":2,"column":0},"end":{"line":2,"column":92}}},"s":{"1":1},"branchMap":{"0":{"type":"branch","line":2,"loc":{"start":{"line":2,"column":26},"end":{"line":2,"column":92}},"locations":[{"start":{"line":2,"column":26},"end":{"line":2,"column":92}}]}},"b":{"0":[143]},"fnMap":{"0":{"name":"trackEvent","decl":{"start":{"line":2,"column":26},"end":{"line":2,"column":92}},"loc":{"start":{"line":2,"column":26},"end":{"line":2,"column":92}},"line":2}},"f":{"0":143}}
,"C:\\! HEYS 2\\packages\\core\\src\\index.ts": {"path":"C:\\! HEYS 2\\packages\\core\\src\\index.ts","all":true,"statementMap":{"0":{"start":{"line":1,"column":0},"end":{"line":1,"column":39}},"1":{"start":{"line":2,"column":0},"end":{"line":2,"column":34}},"2":{"start":{"line":3,"column":0},"end":{"line":3,"column":36}},"3":{"start":{"line":4,"column":0},"end":{"line":4,"column":0}},"4":{"start":{"line":5,"column":0},"end":{"line":5,"column":46}},"5":{"start":{"line":6,"column":0},"end":{"line":6,"column":62}}},"s":{"0":0,"1":0,"2":0,"3":0,"4":0,"5":0},"branchMap":{"0":{"type":"branch","line":1,"loc":{"start":{"line":1,"column":0},"end":{"line":6,"column":62}},"locations":[{"start":{"line":1,"column":0},"end":{"line":6,"column":62}}]}},"b":{"0":[0]},"fnMap":{"0":{"name":"(empty-report)","decl":{"start":{"line":1,"column":0},"end":{"line":6,"column":62}},"loc":{"start":{"line":1,"column":0},"end":{"line":6,"column":62}},"line":1}},"f":{"0":0}}
,"C:\\! HEYS 2\\packages\\core\\src\\models\\food.ts": {"path":"C:\\! HEYS 2\\packages\\core\\src\\models\\food.ts","all":false,"statementMap":{"1":{"start":{"line":2,"column":0},"end":{"line":2,"column":24}},"4":{"start":{"line":5,"column":0},"end":{"line":5,"column":43}},"5":{"start":{"line":6,"column":0},"end":{"line":6,"column":17}},"6":{"start":{"line":7,"column":0},"end":{"line":7,"column":19}},"7":{"start":{"line":8,"column":0},"end":{"line":8,"column":31}},"8":{"start":{"line":9,"column":0},"end":{"line":9,"column":23}},"9":{"start":{"line":10,"column":0},"end":{"line":10,"column":23}},"10":{"start":{"line":11,"column":0},"end":{"line":11,"column":25}},"11":{"start":{"line":12,"column":0},"end":{"line":12,"column":24}},"12":{"start":{"line":13,"column":0},"end":{"line":13,"column":22}},"13":{"start":{"line":14,"column":0},"end":{"line":14,"column":20}},"14":{"start":{"line":15,"column":0},"end":{"line":15,"column":33}},"15":{"start":{"line":16,"column":0},"end":{"line":16,"column":33}},"16":{"start":{"line":17,"column":0},"end":{"line":17,"column":34}},"17":{"start":{"line":18,"column":0},"end":{"line":18,"column":5}},"18":{"start":{"line":19,"column":0},"end":{"line":19,"column":21}},"19":{"start":{"line":20,"column":0},"end":{"line":20,"column":23}},"20":{"start":{"line":21,"column":0},"end":{"line":21,"column":61}},"21":{"start":{"line":22,"column":0},"end":{"line":22,"column":5}},"22":{"start":{"line":23,"column":0},"end":{"line":23,"column":22}},"23":{"start":{"line":24,"column":0},"end":{"line":24,"column":22}},"24":{"start":{"line":25,"column":0},"end":{"line":25,"column":3}},"29":{"start":{"line":30,"column":0},"end":{"line":30,"column":41}},"30":{"start":{"line":31,"column":0},"end":{"line":31,"column":17}},"31":{"start":{"line":32,"column":0},"end":{"line":32,"column":21}},"32":{"start":{"line":33,"column":0},"end":{"line":33,"column":24}},"33":{"start":{"line":34,"column":0},"end":{"line":34,"column":21}},"34":{"start":{"line":35,"column":0},"end":{"line":35,"column":19}},"35":{"start":{"line":36,"column":0},"end":{"line":36,"column":17}},"36":{"start":{"line":37,"column":0},"end":{"line":37,"column":58}},"37":{"start":{"line":38,"column":0},"end":{"line":38,"column":22}},"38":{"start":{"line":39,"column":0},"end":{"line":39,"column":3}},"43":{"start":{"line":44,"column":0},"end":{"line":44,"column":35}},"44":{"start":{"line":45,"column":0},"end":{"line":45,"column":23}},"45":{"start":{"line":46,"column":0},"end":{"line":46,"column":16}},"46":{"start":{"line":47,"column":0},"end":{"line":47,"column":32}},"47":{"start":{"line":48,"column":0},"end":{"line":48,"column":48}},"48":{"start":{"line":49,"column":0},"end":{"line":49,"column":10}},"49":{"start":{"line":50,"column":0},"end":{"line":50,"column":71}},"50":{"start":{"line":51,"column":0},"end":{"line":51,"column":69}},"51":{"start":{"line":52,"column":0},"end":{"line":52,"column":65}},"52":{"start":{"line":53,"column":0},"end":{"line":53,"column":61}},"53":{"start":{"line":54,"column":0},"end":{"line":54,"column":34}},"54":{"start":{"line":55,"column":0},"end":{"line":55,"column":61}},"55":{"start":{"line":56,"column":0},"end":{"line":56,"column":18}},"56":{"start":{"line":57,"column":0},"end":{"line":57,"column":34}},"57":{"start":{"line":58,"column":0},"end":{"line":58,"column":61}},"58":{"start":{"line":59,"column":0},"end":{"line":59,"column":18}},"59":{"start":{"line":60,"column":0},"end":{"line":60,"column":36}},"60":{"start":{"line":61,"column":0},"end":{"line":61,"column":62}},"61":{"start":{"line":62,"column":0},"end":{"line":62,"column":18}},"62":{"start":{"line":63,"column":0},"end":{"line":63,"column":4}},"63":{"start":{"line":64,"column":0},"end":{"line":64,"column":2}}},"s":{"1":1,"4":1,"5":1,"6":1,"7":1,"8":1,"9":1,"10":1,"11":1,"12":1,"13":1,"14":1,"15":1,"16":1,"17":1,"18":1,"19":1,"20":1,"21":1,"22":1,"23":1,"24":1,"29":1,"30":1,"31":1,"32":1,"33":1,"34":1,"35":1,"36":1,"37":1,"38":1,"43":1,"44":5,"45":5,"46":5,"47":5,"48":5,"49":5,"50":5,"51":5,"52":5,"53":5,"54":4,"55":1,"56":5,"57":4,"58":1,"59":5,"60":4,"61":1,"62":5,"63":5},"branchMap":{"0":{"type":"branch","line":44,"loc":{"start":{"line":44,"column":34},"end":{"line":64,"column":2}},"locations":[{"start":{"line":44,"column":34},"end":{"line":64,"column":2}}]},"1":{"type":"branch","line":54,"loc":{"start":{"line":54,"column":29},"end":{"line":55,"column":61}},"locations":[{"start":{"line":54,"column":29},"end":{"line":55,"column":61}}]},"2":{"type":"branch","line":55,"loc":{"start":{"line":55,"column":59},"end":{"line":56,"column":18}},"locations":[{"start":{"line":55,"column":59},"end":{"line":56,"column":18}}]},"3":{"type":"branch","line":57,"loc":{"start":{"line":57,"column":29},"end":{"line":58,"column":61}},"locations":[{"start":{"line":57,"column":29},"end":{"line":58,"column":61}}]},"4":{"type":"branch","line":58,"loc":{"start":{"line":58,"column":59},"end":{"line":59,"column":18}},"locations":[{"start":{"line":58,"column":59},"end":{"line":59,"column":18}}]},"5":{"type":"branch","line":60,"loc":{"start":{"line":60,"column":30},"end":{"line":61,"column":62}},"locations":[{"start":{"line":60,"column":30},"end":{"line":61,"column":62}}]},"6":{"type":"branch","line":61,"loc":{"start":{"line":61,"column":60},"end":{"line":62,"column":18}},"locations":[{"start":{"line":61,"column":60},"end":{"line":62,"column":18}}]}},"b":{"0":[5],"1":[4],"2":[1],"3":[4],"4":[1],"5":[4],"6":[1]},"fnMap":{"0":{"name":"calculateNutrition","decl":{"start":{"line":44,"column":34},"end":{"line":64,"column":2}},"loc":{"start":{"line":44,"column":34},"end":{"line":64,"column":2}},"line":44}},"f":{"0":5}}
,"C:\\! HEYS 2\\packages\\core\\src\\models\\index.ts": {"path":"C:\\! HEYS 2\\packages\\core\\src\\models\\index.ts","all":true,"statementMap":{"0":{"start":{"line":1,"column":0},"end":{"line":1,"column":23}},"1":{"start":{"line":2,"column":0},"end":{"line":2,"column":26}},"2":{"start":{"line":3,"column":0},"end":{"line":3,"column":26}},"3":{"start":{"line":4,"column":0},"end":{"line":4,"column":30}}},"s":{"0":0,"1":0,"2":0,"3":0},"branchMap":{"0":{"type":"branch","line":1,"loc":{"start":{"line":1,"column":0},"end":{"line":4,"column":30}},"locations":[{"start":{"line":1,"column":0},"end":{"line":4,"column":30}}]}},"b":{"0":[0]},"fnMap":{"0":{"name":"(empty-report)","decl":{"start":{"line":1,"column":0},"end":{"line":4,"column":30}},"loc":{"start":{"line":1,"column":0},"end":{"line":4,"column":30}},"line":1}},"f":{"0":0}}
,"C:\\! HEYS 2\\packages\\core\\src\\models\\training.ts": {"path":"C:\\! HEYS 2\\packages\\core\\src\\models\\training.ts","all":false,"statementMap":{"1":{"start":{"line":2,"column":0},"end":{"line":2,"column":24}},"4":{"start":{"line":5,"column":0},"end":{"line":5,"column":40}},"5":{"start":{"line":6,"column":0},"end":{"line":6,"column":17}},"6":{"start":{"line":7,"column":0},"end":{"line":7,"column":19}},"7":{"start":{"line":8,"column":0},"end":{"line":8,"column":78}},"8":{"start":{"line":9,"column":0},"end":{"line":9,"column":36}},"9":{"start":{"line":10,"column":0},"end":{"line":10,"column":35}},"10":{"start":{"line":11,"column":0},"end":{"line":11,"column":38}},"11":{"start":{"line":12,"column":0},"end":{"line":12,"column":63}},"12":{"start":{"line":13,"column":0},"end":{"line":13,"column":3}},"17":{"start":{"line":18,"column":0},"end":{"line":18,"column":42}},"18":{"start":{"line":19,"column":0},"end":{"line":19,"column":25}},"19":{"start":{"line":20,"column":0},"end":{"line":20,"column":30}},"20":{"start":{"line":21,"column":0},"end":{"line":21,"column":32}},"21":{"start":{"line":22,"column":0},"end":{"line":22,"column":48}},"22":{"start":{"line":23,"column":0},"end":{"line":23,"column":47}},"23":{"start":{"line":24,"column":0},"end":{"line":24,"column":54}},"24":{"start":{"line":25,"column":0},"end":{"line":25,"column":3}},"29":{"start":{"line":30,"column":0},"end":{"line":30,"column":46}},"30":{"start":{"line":31,"column":0},"end":{"line":31,"column":17}},"31":{"start":{"line":32,"column":0},"end":{"line":32,"column":21}},"32":{"start":{"line":33,"column":0},"end":{"line":33,"column":19}},"33":{"start":{"line":34,"column":0},"end":{"line":34,"column":17}},"34":{"start":{"line":35,"column":0},"end":{"line":35,"column":34}},"35":{"start":{"line":36,"column":0},"end":{"line":36,"column":31}},"36":{"start":{"line":37,"column":0},"end":{"line":37,"column":60}},"37":{"start":{"line":38,"column":0},"end":{"line":38,"column":22}},"38":{"start":{"line":39,"column":0},"end":{"line":39,"column":3}},"43":{"start":{"line":44,"column":0},"end":{"line":44,"column":47}},"44":{"start":{"line":45,"column":0},"end":{"line":45,"column":17}},"45":{"start":{"line":46,"column":0},"end":{"line":46,"column":19}},"46":{"start":{"line":47,"column":0},"end":{"line":47,"column":26}},"47":{"start":{"line":48,"column":0},"end":{"line":48,"column":52}},"48":{"start":{"line":49,"column":0},"end":{"line":49,"column":20}},"49":{"start":{"line":50,"column":0},"end":{"line":50,"column":14}},"50":{"start":{"line":51,"column":0},"end":{"line":51,"column":23}},"51":{"start":{"line":52,"column":0},"end":{"line":52,"column":25}},"52":{"start":{"line":53,"column":0},"end":{"line":53,"column":18}},"53":{"start":{"line":54,"column":0},"end":{"line":54,"column":33}},"54":{"start":{"line":55,"column":0},"end":{"line":55,"column":27}},"55":{"start":{"line":56,"column":0},"end":{"line":56,"column":53}},"56":{"start":{"line":57,"column":0},"end":{"line":57,"column":73}},"57":{"start":{"line":58,"column":0},"end":{"line":58,"column":10}},"58":{"start":{"line":59,"column":0},"end":{"line":59,"column":8}},"59":{"start":{"line":60,"column":0},"end":{"line":60,"column":6}},"60":{"start":{"line":61,"column":0},"end":{"line":61,"column":4}},"61":{"start":{"line":62,"column":0},"end":{"line":62,"column":58}},"62":{"start":{"line":63,"column":0},"end":{"line":63,"column":22}},"63":{"start":{"line":64,"column":0},"end":{"line":64,"column":3}}},"s":{"1":1,"4":1,"5":1,"6":1,"7":1,"8":1,"9":1,"10":1,"11":1,"12":1,"17":1,"18":1,"19":1,"20":1,"21":1,"22":1,"23":1,"24":1,"29":1,"30":1,"31":1,"32":1,"33":1,"34":1,"35":1,"36":1,"37":1,"38":1,"43":1,"44":1,"45":1,"46":1,"47":1,"48":1,"49":1,"50":1,"51":1,"52":1,"53":1,"54":1,"55":1,"56":1,"57":1,"58":1,"59":1,"60":1,"61":1,"62":1,"63":1},"branchMap":{},"b":{},"fnMap":{},"f":{}}
,"C:\\! HEYS 2\\packages\\core\\src\\models\\user.ts": {"path":"C:\\! HEYS 2\\packages\\core\\src\\models\\user.ts","all":false,"statementMap":{"1":{"start":{"line":2,"column":0},"end":{"line":2,"column":24}},"4":{"start":{"line":5,"column":0},"end":{"line":5,"column":36}},"5":{"start":{"line":6,"column":0},"end":{"line":6,"column":17}},"6":{"start":{"line":7,"column":0},"end":{"line":7,"column":28}},"7":{"start":{"line":8,"column":0},"end":{"line":8,"column":19}},"8":{"start":{"line":9,"column":0},"end":{"line":9,"column":12}},"9":{"start":{"line":10,"column":0},"end":{"line":10,"column":13}},"10":{"start":{"line":11,"column":0},"end":{"line":11,"column":33}},"11":{"start":{"line":12,"column":0},"end":{"line":12,"column":61}},"12":{"start":{"line":13,"column":0},"end":{"line":13,"column":36}},"13":{"start":{"line":14,"column":0},"end":{"line":14,"column":36}},"14":{"start":{"line":15,"column":0},"end":{"line":15,"column":100}},"15":{"start":{"line":16,"column":0},"end":{"line":16,"column":6}},"16":{"start":{"line":17,"column":0},"end":{"line":17,"column":16}},"17":{"start":{"line":18,"column":0},"end":{"line":18,"column":16}},"18":{"start":{"line":19,"column":0},"end":{"line":19,"column":13}},"19":{"start":{"line":20,"column":0},"end":{"line":20,"column":62}},"20":{"start":{"line":21,"column":0},"end":{"line":21,"column":51}},"21":{"start":{"line":22,"column":0},"end":{"line":22,"column":63}},"22":{"start":{"line":23,"column":0},"end":{"line":23,"column":6}},"23":{"start":{"line":24,"column":0},"end":{"line":24,"column":17}},"24":{"start":{"line":25,"column":0},"end":{"line":25,"column":22}},"25":{"start":{"line":26,"column":0},"end":{"line":26,"column":22}},"26":{"start":{"line":27,"column":0},"end":{"line":27,"column":3}},"31":{"start":{"line":32,"column":0},"end":{"line":32,"column":58}},"32":{"start":{"line":33,"column":0},"end":{"line":33,"column":11}},"33":{"start":{"line":34,"column":0},"end":{"line":34,"column":18}},"34":{"start":{"line":35,"column":0},"end":{"line":35,"column":18}},"35":{"start":{"line":36,"column":0},"end":{"line":36,"column":3}},"39":{"start":{"line":40,"column":0},"end":{"line":40,"column":55}},"40":{"start":{"line":41,"column":0},"end":{"line":41,"column":25}},"41":{"start":{"line":42,"column":0},"end":{"line":42,"column":10}},"42":{"start":{"line":43,"column":0},"end":{"line":43,"column":28}},"43":{"start":{"line":44,"column":0},"end":{"line":44,"column":24}},"44":{"start":{"line":45,"column":0},"end":{"line":45,"column":22}},"45":{"start":{"line":46,"column":0},"end":{"line":46,"column":27}},"46":{"start":{"line":47,"column":0},"end":{"line":47,"column":39}},"47":{"start":{"line":48,"column":0},"end":{"line":48,"column":22}},"48":{"start":{"line":49,"column":0},"end":{"line":49,"column":21}},"49":{"start":{"line":50,"column":0},"end":{"line":50,"column":20}},"50":{"start":{"line":51,"column":0},"end":{"line":51,"column":6}},"51":{"start":{"line":52,"column":0},"end":{"line":52,"column":19}},"52":{"start":{"line":53,"column":0},"end":{"line":53,"column":19}},"53":{"start":{"line":54,"column":0},"end":{"line":54,"column":4}},"54":{"start":{"line":55,"column":0},"end":{"line":55,"column":2}}},"s":{"1":1,"4":1,"5":1,"6":1,"7":1,"8":1,"9":1,"10":1,"11":1,"12":1,"13":1,"14":1,"15":1,"16":1,"17":1,"18":1,"19":1,"20":1,"21":1,"22":1,"23":1,"24":1,"25":1,"26":1,"31":1,"32":1,"33":1,"34":1,"35":1,"39":1,"40":4,"41":4,"42":4,"43":4,"44":4,"45":4,"46":4,"47":3,"48":3,"49":3,"50":3,"51":4,"52":4,"53":4,"54":4},"branchMap":{"0":{"type":"branch","line":40,"loc":{"start":{"line":40,"column":26},"end":{"line":55,"column":2}},"locations":[{"start":{"line":40,"column":26},"end":{"line":55,"column":2}}]},"1":{"type":"branch","line":47,"loc":{"start":{"line":47,"column":23},"end":{"line":51,"column":6}},"locations":[{"start":{"line":47,"column":23},"end":{"line":51,"column":6}}]}},"b":{"0":[4],"1":[3]},"fnMap":{"0":{"name":"createUser","decl":{"start":{"line":40,"column":26},"end":{"line":55,"column":2}},"loc":{"start":{"line":40,"column":26},"end":{"line":55,"column":2}},"line":40}},"f":{"0":4}}
,"C:\\! HEYS 2\\packages\\core\\src\\services\\analytics.ts": {"path":"C:\\! HEYS 2\\packages\\core\\src\\services\\analytics.ts","all":true,"statementMap":{"0":{"start":{"line":1,"column":0},"end":{"line":1,"column":32}},"1":{"start":{"line":2,"column":0},"end":{"line":2,"column":33}},"2":{"start":{"line":3,"column":0},"end":{"line":3,"column":18}},"3":{"start":{"line":4,"column":0},"end":{"line":4,"column":2}}},"s":{"0":0,"1":0,"2":0,"3":0},"branchMap":{"0":{"type":"branch","line":1,"loc":{"start":{"line":1,"column":0},"end":{"line":4,"column":2}},"locations":[{"start":{"line":1,"column":0},"end":{"line":4,"column":2}}]}},"b":{"0":[0]},"fnMap":{"0":{"name":"(empty-report)","decl":{"start":{"line":1,"column":0},"end":{"line":4,"column":2}},"loc":{"start":{"line":1,"column":0},"end":{"line":4,"column":2}},"line":1}},"f":{"0":0}}
,"C:\\! HEYS 2\\packages\\core\\src\\services\\index.ts": {"path":"C:\\! HEYS 2\\packages\\core\\src\\services\\index.ts","all":true,"statementMap":{"0":{"start":{"line":1,"column":0},"end":{"line":1,"column":25}},"1":{"start":{"line":2,"column":0},"end":{"line":2,"column":31}},"2":{"start":{"line":3,"column":0},"end":{"line":3,"column":31}},"3":{"start":{"line":4,"column":0},"end":{"line":4,"column":29}}},"s":{"0":0,"1":0,"2":0,"3":0},"branchMap":{"0":{"type":"branch","line":1,"loc":{"start":{"line":1,"column":0},"end":{"line":4,"column":29}},"locations":[{"start":{"line":1,"column":0},"end":{"line":4,"column":29}}]}},"b":{"0":[0]},"fnMap":{"0":{"name":"(empty-report)","decl":{"start":{"line":1,"column":0},"end":{"line":4,"column":29}},"loc":{"start":{"line":1,"column":0},"end":{"line":4,"column":29}},"line":1}},"f":{"0":0}}
,"C:\\! HEYS 2\\packages\\core\\src\\services\\nutrition.ts": {"path":"C:\\! HEYS 2\\packages\\core\\src\\services\\nutrition.ts","all":true,"statementMap":{"0":{"start":{"line":1,"column":0},"end":{"line":1,"column":32}},"1":{"start":{"line":2,"column":0},"end":{"line":2,"column":33}},"2":{"start":{"line":3,"column":0},"end":{"line":3,"column":29}},"3":{"start":{"line":4,"column":0},"end":{"line":4,"column":2}}},"s":{"0":0,"1":0,"2":0,"3":0},"branchMap":{"0":{"type":"branch","line":1,"loc":{"start":{"line":1,"column":0},"end":{"line":4,"column":2}},"locations":[{"start":{"line":1,"column":0},"end":{"line":4,"column":2}}]}},"b":{"0":[0]},"fnMap":{"0":{"name":"(empty-report)","decl":{"start":{"line":1,"column":0},"end":{"line":4,"column":2}},"loc":{"start":{"line":1,"column":0},"end":{"line":4,"column":2}},"line":1}},"f":{"0":0}}
,"C:\\! HEYS 2\\packages\\core\\src\\services\\storage.ts": {"path":"C:\\! HEYS 2\\packages\\core\\src\\services\\storage.ts","all":true,"statementMap":{"0":{"start":{"line":1,"column":0},"end":{"line":1,"column":30}},"1":{"start":{"line":2,"column":0},"end":{"line":2,"column":31}},"2":{"start":{"line":3,"column":0},"end":{"line":3,"column":32}},"3":{"start":{"line":4,"column":0},"end":{"line":4,"column":36}},"4":{"start":{"line":5,"column":0},"end":{"line":5,"column":2}}},"s":{"0":0,"1":0,"2":0,"3":0,"4":0},"branchMap":{"0":{"type":"branch","line":1,"loc":{"start":{"line":1,"column":0},"end":{"line":5,"column":2}},"locations":[{"start":{"line":1,"column":0},"end":{"line":5,"column":2}}]}},"b":{"0":[0]},"fnMap":{"0":{"name":"(empty-report)","decl":{"start":{"line":1,"column":0},"end":{"line":5,"column":2}},"loc":{"start":{"line":1,"column":0},"end":{"line":5,"column":2}},"line":1}},"f":{"0":0}}
,"C:\\! HEYS 2\\packages\\core\\src\\types\\index.ts": {"path":"C:\\! HEYS 2\\packages\\core\\src\\types\\index.ts","all":true,"statementMap":{"0":{"start":{"line":1,"column":0},"end":{"line":1,"column":22}},"1":{"start":{"line":2,"column":0},"end":{"line":2,"column":29}},"2":{"start":{"line":3,"column":0},"end":{"line":3,"column":17}},"3":{"start":{"line":4,"column":0},"end":{"line":4,"column":53}},"4":{"start":{"line":5,"column":0},"end":{"line":5,"column":13}},"5":{"start":{"line":6,"column":0},"end":{"line":6,"column":23}},"6":{"start":{"line":7,"column":0},"end":{"line":7,"column":20}},"7":{"start":{"line":8,"column":0},"end":{"line":8,"column":20}},"8":{"start":{"line":9,"column":0},"end":{"line":9,"column":4}},"9":{"start":{"line":10,"column":0},"end":{"line":10,"column":1}},"10":{"start":{"line":11,"column":0},"end":{"line":11,"column":0}},"11":{"start":{"line":12,"column":0},"end":{"line":12,"column":28}},"12":{"start":{"line":13,"column":0},"end":{"line":13,"column":19}},"13":{"start":{"line":14,"column":0},"end":{"line":14,"column":19}},"14":{"start":{"line":15,"column":0},"end":{"line":15,"column":23}},"15":{"start":{"line":16,"column":0},"end":{"line":16,"column":1}}},"s":{"0":0,"1":0,"2":0,"3":0,"4":0,"5":0,"6":0,"7":0,"8":0,"9":0,"10":0,"11":0,"12":0,"13":0,"14":0,"15":0},"branchMap":{"0":{"type":"branch","line":1,"loc":{"start":{"line":1,"column":0},"end":{"line":16,"column":1}},"locations":[{"start":{"line":1,"column":0},"end":{"line":16,"column":1}}]}},"b":{"0":[0]},"fnMap":{"0":{"name":"(empty-report)","decl":{"start":{"line":1,"column":0},"end":{"line":16,"column":1}},"loc":{"start":{"line":1,"column":0},"end":{"line":16,"column":1}},"line":1}},"f":{"0":0}}
,"C:\\! HEYS 2\\packages\\gaming\\src\\index.ts": {"path":"C:\\! HEYS 2\\packages\\gaming\\src\\index.ts","all":false,"statementMap":{"1":{"start":{"line":2,"column":0},"end":{"line":2,"column":79}}},"s":{"1":1},"branchMap":{"0":{"type":"branch","line":2,"loc":{"start":{"line":2,"column":33},"end":{"line":2,"column":79}},"locations":[{"start":{"line":2,"column":33},"end":{"line":2,"column":79}}]}},"b":{"0":[34]},"fnMap":{"0":{"name":"createAchievement","decl":{"start":{"line":2,"column":33},"end":{"line":2,"column":79}},"loc":{"start":{"line":2,"column":33},"end":{"line":2,"column":79}},"line":2}},"f":{"0":34}}
,"C:\\! HEYS 2\\packages\\search\\src\\index.ts": {"path":"C:\\! HEYS 2\\packages\\search\\src\\index.ts","all":false,"statementMap":{"30":{"start":{"line":31,"column":0},"end":{"line":31,"column":41}},"31":{"start":{"line":32,"column":0},"end":{"line":32,"column":31}},"32":{"start":{"line":33,"column":0},"end":{"line":33,"column":84}},"33":{"start":{"line":34,"column":0},"end":{"line":34,"column":36}},"34":{"start":{"line":35,"column":0},"end":{"line":35,"column":21}},"35":{"start":{"line":36,"column":0},"end":{"line":36,"column":25}},"36":{"start":{"line":37,"column":0},"end":{"line":37,"column":20}},"37":{"start":{"line":38,"column":0},"end":{"line":38,"column":23}},"38":{"start":{"line":39,"column":0},"end":{"line":39,"column":4}},"41":{"start":{"line":42,"column":0},"end":{"line":42,"column":33}},"42":{"start":{"line":43,"column":0},"end":{"line":43,"column":11}},"43":{"start":{"line":44,"column":0},"end":{"line":44,"column":13}},"44":{"start":{"line":45,"column":0},"end":{"line":45,"column":11}},"45":{"start":{"line":46,"column":0},"end":{"line":46,"column":11}},"46":{"start":{"line":47,"column":0},"end":{"line":47,"column":12}},"47":{"start":{"line":48,"column":0},"end":{"line":48,"column":13}},"48":{"start":{"line":49,"column":0},"end":{"line":49,"column":12}},"49":{"start":{"line":50,"column":0},"end":{"line":50,"column":15}},"50":{"start":{"line":51,"column":0},"end":{"line":51,"column":10}},"51":{"start":{"line":52,"column":0},"end":{"line":52,"column":12}},"52":{"start":{"line":53,"column":0},"end":{"line":53,"column":11}},"53":{"start":{"line":54,"column":0},"end":{"line":54,"column":13}},"54":{"start":{"line":55,"column":0},"end":{"line":55,"column":15}},"55":{"start":{"line":56,"column":0},"end":{"line":56,"column":14}},"56":{"start":{"line":57,"column":0},"end":{"line":57,"column":16}},"57":{"start":{"line":58,"column":0},"end":{"line":58,"column":14}},"58":{"start":{"line":59,"column":0},"end":{"line":59,"column":10}},"59":{"start":{"line":60,"column":0},"end":{"line":60,"column":14}},"60":{"start":{"line":61,"column":0},"end":{"line":61,"column":13}},"61":{"start":{"line":62,"column":0},"end":{"line":62,"column":13}},"62":{"start":{"line":63,"column":0},"end":{"line":63,"column":12}},"63":{"start":{"line":64,"column":0},"end":{"line":64,"column":15}},"64":{"start":{"line":65,"column":0},"end":{"line":65,"column":5}},"67":{"start":{"line":68,"column":0},"end":{"line":68,"column":30}},"68":{"start":{"line":69,"column":0},"end":{"line":69,"column":53}},"69":{"start":{"line":70,"column":0},"end":{"line":70,"column":40}},"70":{"start":{"line":71,"column":0},"end":{"line":71,"column":35}},"71":{"start":{"line":72,"column":0},"end":{"line":72,"column":49}},"72":{"start":{"line":73,"column":0},"end":{"line":73,"column":42}},"73":{"start":{"line":74,"column":0},"end":{"line":74,"column":41}},"74":{"start":{"line":75,"column":0},"end":{"line":75,"column":48}},"75":{"start":{"line":76,"column":0},"end":{"line":76,"column":39}},"76":{"start":{"line":77,"column":0},"end":{"line":77,"column":40}},"77":{"start":{"line":78,"column":0},"end":{"line":78,"column":5}},"80":{"start":{"line":81,"column":0},"end":{"line":81,"column":27}},"81":{"start":{"line":82,"column":0},"end":{"line":82,"column":31}},"82":{"start":{"line":83,"column":0},"end":{"line":83,"column":31}},"83":{"start":{"line":84,"column":0},"end":{"line":84,"column":31}},"84":{"start":{"line":85,"column":0},"end":{"line":85,"column":30}},"85":{"start":{"line":86,"column":0},"end":{"line":86,"column":29}},"86":{"start":{"line":87,"column":0},"end":{"line":87,"column":29}},"87":{"start":{"line":88,"column":0},"end":{"line":88,"column":4}},"89":{"start":{"line":90,"column":0},"end":{"line":90,"column":51}},"90":{"start":{"line":91,"column":0},"end":{"line":91,"column":19}},"91":{"start":{"line":92,"column":0},"end":{"line":92,"column":25}},"92":{"start":{"line":93,"column":0},"end":{"line":93,"column":24}},"93":{"start":{"line":94,"column":0},"end":{"line":94,"column":24}},"94":{"start":{"line":95,"column":0},"end":{"line":95,"column":25}},"95":{"start":{"line":96,"column":0},"end":{"line":96,"column":40}},"96":{"start":{"line":97,"column":0},"end":{"line":97,"column":27}},"97":{"start":{"line":98,"column":0},"end":{"line":98,"column":27}},"98":{"start":{"line":99,"column":0},"end":{"line":99,"column":23}},"99":{"start":{"line":100,"column":0},"end":{"line":100,"column":16}},"100":{"start":{"line":101,"column":0},"end":{"line":101,"column":6}},"101":{"start":{"line":102,"column":0},"end":{"line":102,"column":3}},"106":{"start":{"line":107,"column":0},"end":{"line":107,"column":67}},"107":{"start":{"line":108,"column":0},"end":{"line":108,"column":41}},"108":{"start":{"line":109,"column":0},"end":{"line":109,"column":17}},"109":{"start":{"line":110,"column":0},"end":{"line":110,"column":52}},"111":{"start":{"line":112,"column":0},"end":{"line":112,"column":60}},"112":{"start":{"line":113,"column":0},"end":{"line":113,"column":60}},"114":{"start":{"line":115,"column":0},"end":{"line":115,"column":44}},"115":{"start":{"line":116,"column":0},"end":{"line":116,"column":46}},"116":{"start":{"line":117,"column":0},"end":{"line":117,"column":62}},"117":{"start":{"line":118,"column":0},"end":{"line":118,"column":32}},"118":{"start":{"line":119,"column":0},"end":{"line":119,"column":43}},"119":{"start":{"line":120,"column":0},"end":{"line":120,"column":44}},"120":{"start":{"line":121,"column":0},"end":{"line":121,"column":58}},"121":{"start":{"line":122,"column":0},"end":{"line":122,"column":10}},"122":{"start":{"line":123,"column":0},"end":{"line":123,"column":7}},"123":{"start":{"line":124,"column":0},"end":{"line":124,"column":5}},"125":{"start":{"line":126,"column":0},"end":{"line":126,"column":44}},"126":{"start":{"line":127,"column":0},"end":{"line":127,"column":3}},"131":{"start":{"line":132,"column":0},"end":{"line":132,"column":49}},"132":{"start":{"line":133,"column":0},"end":{"line":133,"column":59}},"133":{"start":{"line":134,"column":0},"end":{"line":134,"column":3}},"138":{"start":{"line":139,"column":0},"end":{"line":139,"column":51}},"139":{"start":{"line":140,"column":0},"end":{"line":140,"column":49}},"141":{"start":{"line":142,"column":0},"end":{"line":142,"column":22}},"142":{"start":{"line":143,"column":0},"end":{"line":143,"column":44}},"143":{"start":{"line":144,"column":0},"end":{"line":144,"column":50}},"144":{"start":{"line":145,"column":0},"end":{"line":145,"column":5}},"145":{"start":{"line":146,"column":0},"end":{"line":146,"column":18}},"146":{"start":{"line":147,"column":0},"end":{"line":147,"column":3}},"151":{"start":{"line":152,"column":0},"end":{"line":152,"column":48}},"152":{"start":{"line":153,"column":0},"end":{"line":153,"column":47}},"154":{"start":{"line":155,"column":0},"end":{"line":155,"column":54}},"157":{"start":{"line":158,"column":0},"end":{"line":158,"column":48}},"158":{"start":{"line":159,"column":0},"end":{"line":159,"column":34}},"159":{"start":{"line":160,"column":0},"end":{"line":160,"column":65}},"160":{"start":{"line":161,"column":0},"end":{"line":161,"column":7}},"161":{"start":{"line":162,"column":0},"end":{"line":162,"column":5}},"163":{"start":{"line":164,"column":0},"end":{"line":164,"column":37}},"164":{"start":{"line":165,"column":0},"end":{"line":165,"column":3}},"169":{"start":{"line":170,"column":0},"end":{"line":170,"column":87}},"170":{"start":{"line":171,"column":0},"end":{"line":171,"column":60}},"171":{"start":{"line":172,"column":0},"end":{"line":172,"column":48}},"174":{"start":{"line":175,"column":0},"end":{"line":175,"column":35}},"177":{"start":{"line":178,"column":0},"end":{"line":178,"column":53}},"178":{"start":{"line":179,"column":0},"end":{"line":179,"column":30}},"179":{"start":{"line":180,"column":0},"end":{"line":180,"column":5}},"181":{"start":{"line":182,"column":0},"end":{"line":182,"column":22}},"182":{"start":{"line":183,"column":0},"end":{"line":183,"column":3}},"187":{"start":{"line":188,"column":0},"end":{"line":188,"column":44}},"188":{"start":{"line":189,"column":0},"end":{"line":189,"column":19}},"189":{"start":{"line":190,"column":0},"end":{"line":190,"column":18}},"190":{"start":{"line":191,"column":0},"end":{"line":191,"column":33}},"191":{"start":{"line":192,"column":0},"end":{"line":192,"column":26}},"192":{"start":{"line":193,"column":0},"end":{"line":193,"column":33}},"193":{"start":{"line":194,"column":0},"end":{"line":194,"column":55}},"196":{"start":{"line":197,"column":0},"end":{"line":197,"column":35}},"197":{"start":{"line":198,"column":0},"end":{"line":198,"column":59}},"198":{"start":{"line":199,"column":0},"end":{"line":199,"column":19}},"199":{"start":{"line":200,"column":0},"end":{"line":200,"column":35}},"200":{"start":{"line":201,"column":0},"end":{"line":201,"column":72}},"201":{"start":{"line":202,"column":0},"end":{"line":202,"column":43}},"202":{"start":{"line":203,"column":0},"end":{"line":203,"column":51}},"203":{"start":{"line":204,"column":0},"end":{"line":204,"column":22}},"204":{"start":{"line":205,"column":0},"end":{"line":205,"column":7}},"205":{"start":{"line":206,"column":0},"end":{"line":206,"column":5}},"207":{"start":{"line":208,"column":0},"end":{"line":208,"column":62}},"208":{"start":{"line":209,"column":0},"end":{"line":209,"column":48}},"209":{"start":{"line":210,"column":0},"end":{"line":210,"column":58}},"210":{"start":{"line":211,"column":0},"end":{"line":211,"column":31}},"211":{"start":{"line":212,"column":0},"end":{"line":212,"column":24}},"212":{"start":{"line":213,"column":0},"end":{"line":213,"column":43}},"213":{"start":{"line":214,"column":0},"end":{"line":214,"column":28}},"214":{"start":{"line":215,"column":0},"end":{"line":215,"column":30}},"215":{"start":{"line":216,"column":0},"end":{"line":216,"column":8}},"216":{"start":{"line":217,"column":0},"end":{"line":217,"column":25}},"217":{"start":{"line":218,"column":0},"end":{"line":218,"column":5}},"219":{"start":{"line":220,"column":0},"end":{"line":220,"column":66}},"220":{"start":{"line":221,"column":0},"end":{"line":221,"column":56}},"221":{"start":{"line":222,"column":0},"end":{"line":222,"column":72}},"223":{"start":{"line":224,"column":0},"end":{"line":224,"column":77}},"225":{"start":{"line":226,"column":0},"end":{"line":226,"column":31}},"226":{"start":{"line":227,"column":0},"end":{"line":227,"column":41}},"227":{"start":{"line":228,"column":0},"end":{"line":228,"column":61}},"228":{"start":{"line":229,"column":0},"end":{"line":229,"column":65}},"231":{"start":{"line":232,"column":0},"end":{"line":232,"column":77}},"232":{"start":{"line":233,"column":0},"end":{"line":233,"column":83}},"235":{"start":{"line":236,"column":0},"end":{"line":236,"column":88}},"236":{"start":{"line":237,"column":0},"end":{"line":237,"column":54}},"237":{"start":{"line":238,"column":0},"end":{"line":238,"column":24}},"238":{"start":{"line":239,"column":0},"end":{"line":239,"column":24}},"239":{"start":{"line":240,"column":0},"end":{"line":240,"column":26}},"240":{"start":{"line":241,"column":0},"end":{"line":241,"column":10}},"242":{"start":{"line":243,"column":0},"end":{"line":243,"column":36}},"243":{"start":{"line":244,"column":0},"end":{"line":244,"column":38}},"244":{"start":{"line":245,"column":0},"end":{"line":245,"column":32}},"245":{"start":{"line":246,"column":0},"end":{"line":246,"column":9}},"248":{"start":{"line":249,"column":0},"end":{"line":249,"column":41}},"249":{"start":{"line":250,"column":0},"end":{"line":250,"column":80}},"250":{"start":{"line":251,"column":0},"end":{"line":251,"column":93}},"252":{"start":{"line":253,"column":0},"end":{"line":253,"column":37}},"253":{"start":{"line":254,"column":0},"end":{"line":254,"column":39}},"254":{"start":{"line":255,"column":0},"end":{"line":255,"column":33}},"255":{"start":{"line":256,"column":0},"end":{"line":256,"column":11}},"256":{"start":{"line":257,"column":0},"end":{"line":257,"column":9}},"259":{"start":{"line":260,"column":0},"end":{"line":260,"column":51}},"260":{"start":{"line":261,"column":0},"end":{"line":261,"column":39}},"261":{"start":{"line":262,"column":0},"end":{"line":262,"column":9}},"263":{"start":{"line":264,"column":0},"end":{"line":264,"column":53}},"264":{"start":{"line":265,"column":0},"end":{"line":265,"column":62}},"265":{"start":{"line":266,"column":0},"end":{"line":266,"column":9}},"266":{"start":{"line":267,"column":0},"end":{"line":267,"column":7}},"267":{"start":{"line":268,"column":0},"end":{"line":268,"column":5}},"270":{"start":{"line":271,"column":0},"end":{"line":271,"column":91}},"271":{"start":{"line":272,"column":0},"end":{"line":272,"column":33}},"272":{"start":{"line":273,"column":0},"end":{"line":273,"column":6}},"274":{"start":{"line":275,"column":0},"end":{"line":275,"column":92}},"275":{"start":{"line":276,"column":0},"end":{"line":276,"column":81}},"277":{"start":{"line":278,"column":0},"end":{"line":278,"column":41}},"278":{"start":{"line":279,"column":0},"end":{"line":279,"column":25}},"279":{"start":{"line":280,"column":0},"end":{"line":280,"column":29}},"280":{"start":{"line":281,"column":0},"end":{"line":281,"column":18}},"281":{"start":{"line":282,"column":0},"end":{"line":282,"column":41}},"282":{"start":{"line":283,"column":0},"end":{"line":283,"column":34}},"283":{"start":{"line":284,"column":0},"end":{"line":284,"column":45}},"284":{"start":{"line":285,"column":0},"end":{"line":285,"column":6}},"287":{"start":{"line":288,"column":0},"end":{"line":288,"column":35}},"288":{"start":{"line":289,"column":0},"end":{"line":289,"column":48}},"289":{"start":{"line":290,"column":0},"end":{"line":290,"column":5}},"291":{"start":{"line":292,"column":0},"end":{"line":292,"column":42}},"292":{"start":{"line":293,"column":0},"end":{"line":293,"column":32}},"293":{"start":{"line":294,"column":0},"end":{"line":294,"column":37}},"294":{"start":{"line":295,"column":0},"end":{"line":295,"column":5}},"296":{"start":{"line":297,"column":0},"end":{"line":297,"column":18}},"297":{"start":{"line":298,"column":0},"end":{"line":298,"column":3}},"299":{"start":{"line":300,"column":0},"end":{"line":300,"column":59}},"300":{"start":{"line":301,"column":0},"end":{"line":301,"column":35}},"301":{"start":{"line":302,"column":0},"end":{"line":302,"column":35}},"302":{"start":{"line":303,"column":0},"end":{"line":303,"column":13}},"303":{"start":{"line":304,"column":0},"end":{"line":304,"column":3}},"305":{"start":{"line":306,"column":0},"end":{"line":306,"column":37}},"306":{"start":{"line":307,"column":0},"end":{"line":307,"column":18}},"307":{"start":{"line":308,"column":0},"end":{"line":308,"column":65}},"308":{"start":{"line":309,"column":0},"end":{"line":309,"column":15}},"310":{"start":{"line":311,"column":0},"end":{"line":311,"column":42}},"312":{"start":{"line":313,"column":0},"end":{"line":313,"column":71}},"313":{"start":{"line":314,"column":0},"end":{"line":314,"column":30}},"315":{"start":{"line":316,"column":0},"end":{"line":316,"column":68}},"316":{"start":{"line":317,"column":0},"end":{"line":317,"column":49}},"317":{"start":{"line":318,"column":0},"end":{"line":318,"column":38}},"318":{"start":{"line":319,"column":0},"end":{"line":319,"column":9}},"319":{"start":{"line":320,"column":0},"end":{"line":320,"column":7}},"320":{"start":{"line":321,"column":0},"end":{"line":321,"column":5}},"322":{"start":{"line":323,"column":0},"end":{"line":323,"column":72}},"323":{"start":{"line":324,"column":0},"end":{"line":324,"column":3}},"325":{"start":{"line":326,"column":0},"end":{"line":326,"column":77}},"326":{"start":{"line":327,"column":0},"end":{"line":327,"column":41}},"327":{"start":{"line":328,"column":0},"end":{"line":328,"column":29}},"329":{"start":{"line":330,"column":0},"end":{"line":330,"column":79}},"330":{"start":{"line":331,"column":0},"end":{"line":331,"column":20}},"331":{"start":{"line":332,"column":0},"end":{"line":332,"column":31}},"332":{"start":{"line":333,"column":0},"end":{"line":333,"column":18}},"333":{"start":{"line":334,"column":0},"end":{"line":334,"column":5}},"335":{"start":{"line":336,"column":0},"end":{"line":336,"column":25}},"336":{"start":{"line":337,"column":0},"end":{"line":337,"column":3}},"338":{"start":{"line":339,"column":0},"end":{"line":339,"column":80}},"339":{"start":{"line":340,"column":0},"end":{"line":340,"column":27}},"340":{"start":{"line":341,"column":0},"end":{"line":341,"column":13}},"341":{"start":{"line":342,"column":0},"end":{"line":342,"column":28}},"342":{"start":{"line":343,"column":0},"end":{"line":343,"column":7}},"345":{"start":{"line":346,"column":0},"end":{"line":346,"column":33}},"346":{"start":{"line":347,"column":0},"end":{"line":347,"column":55}},"347":{"start":{"line":348,"column":0},"end":{"line":348,"column":62}},"348":{"start":{"line":349,"column":0},"end":{"line":349,"column":71}},"349":{"start":{"line":350,"column":0},"end":{"line":350,"column":5}},"350":{"start":{"line":351,"column":0},"end":{"line":351,"column":3}},"352":{"start":{"line":353,"column":0},"end":{"line":353,"column":51}},"353":{"start":{"line":354,"column":0},"end":{"line":354,"column":33}},"354":{"start":{"line":355,"column":0},"end":{"line":355,"column":36}},"355":{"start":{"line":356,"column":0},"end":{"line":356,"column":88}},"356":{"start":{"line":357,"column":0},"end":{"line":357,"column":33}},"357":{"start":{"line":358,"column":0},"end":{"line":358,"column":3}},"362":{"start":{"line":363,"column":0},"end":{"line":363,"column":31}},"363":{"start":{"line":364,"column":0},"end":{"line":364,"column":31}},"364":{"start":{"line":365,"column":0},"end":{"line":365,"column":3}},"369":{"start":{"line":370,"column":0},"end":{"line":370,"column":22}},"370":{"start":{"line":371,"column":0},"end":{"line":371,"column":23}},"371":{"start":{"line":372,"column":0},"end":{"line":372,"column":3}},"376":{"start":{"line":377,"column":0},"end":{"line":377,"column":56}},"377":{"start":{"line":378,"column":0},"end":{"line":378,"column":51}},"378":{"start":{"line":379,"column":0},"end":{"line":379,"column":3}},"379":{"start":{"line":380,"column":0},"end":{"line":380,"column":1}}},"s":{"30":1,"31":12,"32":12,"33":12,"34":12,"35":12,"36":12,"37":12,"38":12,"41":12,"42":12,"43":12,"44":12,"45":12,"46":12,"47":12,"48":12,"49":12,"50":12,"51":12,"52":12,"53":12,"54":12,"55":12,"56":12,"57":12,"58":12,"59":12,"60":12,"61":12,"62":12,"63":12,"64":12,"67":12,"68":12,"69":12,"70":12,"71":12,"72":12,"73":12,"74":12,"75":12,"76":12,"77":12,"80":12,"81":12,"82":12,"83":12,"84":12,"85":12,"86":12,"87":12,"89":12,"90":12,"91":12,"92":12,"93":12,"94":12,"95":12,"96":12,"97":12,"98":12,"99":12,"100":12,"101":12,"106":12,"107":190,"108":190,"109":190,"111":190,"112":190,"114":190,"115":2330,"116":68401,"117":68401,"118":68401,"119":68401,"120":68401,"121":68401,"122":68401,"123":2330,"125":190,"126":190,"131":12,"132":13,"133":13,"138":12,"139":66,"141":66,"142":66,"143":396,"144":396,"145":66,"146":66,"151":12,"152":11,"154":11,"157":11,"158":99,"159":0,"160":0,"161":99,"163":11,"164":11,"169":12,"170":190,"171":190,"174":190,"177":190,"178":4,"179":4,"181":184,"182":190,"187":12,"188":13,"189":13,"190":13,"191":13,"192":13,"193":13,"196":13,"197":13,"198":13,"199":1,"200":1,"201":1,"202":1,"203":1,"204":1,"205":13,"207":13,"208":1,"209":1,"210":1,"211":1,"212":1,"213":1,"214":1,"215":1,"216":1,"217":1,"219":11,"220":11,"221":11,"223":11,"225":13,"226":50,"227":55,"228":55,"231":55,"232":55,"235":55,"236":55,"237":55,"238":55,"239":55,"240":55,"242":55,"243":14,"244":14,"245":14,"248":55,"249":80,"250":80,"252":80,"253":16,"254":16,"255":16,"256":80,"259":55,"260":7,"261":7,"263":55,"264":9,"265":9,"266":55,"267":50,"270":11,"271":11,"272":11,"274":11,"275":11,"277":11,"278":11,"279":11,"280":11,"281":11,"282":11,"283":11,"284":11,"287":11,"288":11,"289":11,"291":11,"292":13,"293":7,"294":7,"296":11,"297":13,"299":12,"300":11,"301":11,"302":2,"303":11,"305":12,"306":11,"307":11,"308":11,"310":11,"312":11,"313":9,"315":8,"316":8,"317":8,"318":8,"319":8,"320":9,"322":11,"323":11,"325":12,"326":13,"327":13,"329":1,"330":13,"331":0,"332":0,"333":0,"335":1,"336":13,"338":12,"339":11,"340":11,"341":11,"342":11,"345":11,"346":0,"347":0,"348":0,"349":0,"350":11,"352":12,"353":12,"354":12,"355":12,"356":12,"357":12,"362":12,"363":1,"364":1,"369":12,"370":0,"371":0,"376":12,"377":0,"378":0,"379":12},"branchMap":{"0":{"type":"branch","line":31,"loc":{"start":{"line":31,"column":40},"end":{"line":380,"column":1}},"locations":[{"start":{"line":31,"column":40},"end":{"line":380,"column":1}}]},"1":{"type":"branch","line":90,"loc":{"start":{"line":90,"column":2},"end":{"line":102,"column":3}},"locations":[{"start":{"line":90,"column":2},"end":{"line":102,"column":3}}]},"2":{"type":"branch","line":107,"loc":{"start":{"line":107,"column":10},"end":{"line":127,"column":3}},"locations":[{"start":{"line":107,"column":10},"end":{"line":127,"column":3}}]},"3":{"type":"branch","line":112,"loc":{"start":{"line":112,"column":43},"end":{"line":112,"column":60}},"locations":[{"start":{"line":112,"column":43},"end":{"line":112,"column":60}}]},"4":{"type":"branch","line":113,"loc":{"start":{"line":113,"column":43},"end":{"line":113,"column":60}},"locations":[{"start":{"line":113,"column":43},"end":{"line":113,"column":60}}]},"5":{"type":"branch","line":115,"loc":{"start":{"line":115,"column":43},"end":{"line":124,"column":5}},"locations":[{"start":{"line":115,"column":43},"end":{"line":124,"column":5}}]},"6":{"type":"branch","line":116,"loc":{"start":{"line":116,"column":45},"end":{"line":123,"column":7}},"locations":[{"start":{"line":116,"column":45},"end":{"line":123,"column":7}}]},"7":{"type":"branch","line":117,"loc":{"start":{"line":117,"column":52},"end":{"line":117,"column":60}},"locations":[{"start":{"line":117,"column":52},"end":{"line":117,"column":60}}]},"8":{"type":"branch","line":117,"loc":{"start":{"line":117,"column":56},"end":{"line":117,"column":62}},"locations":[{"start":{"line":117,"column":56},"end":{"line":117,"column":62}}]},"9":{"type":"branch","line":110,"loc":{"start":{"line":110,"column":11},"end":{"line":110,"column":50}},"locations":[{"start":{"line":110,"column":11},"end":{"line":110,"column":50}}]},"10":{"type":"branch","line":132,"loc":{"start":{"line":132,"column":10},"end":{"line":134,"column":3}},"locations":[{"start":{"line":132,"column":10},"end":{"line":134,"column":3}}]},"11":{"type":"branch","line":139,"loc":{"start":{"line":139,"column":10},"end":{"line":147,"column":3}},"locations":[{"start":{"line":139,"column":10},"end":{"line":147,"column":3}}]},"12":{"type":"branch","line":140,"loc":{"start":{"line":140,"column":37},"end":{"line":140,"column":49}},"locations":[{"start":{"line":140,"column":37},"end":{"line":140,"column":49}}]},"13":{"type":"branch","line":143,"loc":{"start":{"line":143,"column":43},"end":{"line":145,"column":5}},"locations":[{"start":{"line":143,"column":43},"end":{"line":145,"column":5}}]},"14":{"type":"branch","line":152,"loc":{"start":{"line":152,"column":10},"end":{"line":165,"column":3}},"locations":[{"start":{"line":152,"column":10},"end":{"line":165,"column":3}}]},"15":{"type":"branch","line":153,"loc":{"start":{"line":153,"column":37},"end":{"line":153,"column":47}},"locations":[{"start":{"line":153,"column":37},"end":{"line":153,"column":47}}]},"16":{"type":"branch","line":155,"loc":{"start":{"line":155,"column":46},"end":{"line":155,"column":54}},"locations":[{"start":{"line":155,"column":46},"end":{"line":155,"column":54}}]},"17":{"type":"branch","line":158,"loc":{"start":{"line":158,"column":47},"end":{"line":162,"column":5}},"locations":[{"start":{"line":158,"column":47},"end":{"line":162,"column":5}}]},"18":{"type":"branch","line":159,"loc":{"start":{"line":159,"column":33},"end":{"line":161,"column":7}},"locations":[{"start":{"line":159,"column":33},"end":{"line":161,"column":7}}]},"19":{"type":"branch","line":170,"loc":{"start":{"line":170,"column":10},"end":{"line":183,"column":3}},"locations":[{"start":{"line":170,"column":10},"end":{"line":183,"column":3}}]},"20":{"type":"branch","line":175,"loc":{"start":{"line":175,"column":24},"end":{"line":175,"column":35}},"locations":[{"start":{"line":175,"column":24},"end":{"line":175,"column":35}}]},"21":{"type":"branch","line":175,"loc":{"start":{"line":175,"column":31},"end":{"line":178,"column":52}},"locations":[{"start":{"line":175,"column":31},"end":{"line":178,"column":52}}]},"22":{"type":"branch","line":178,"loc":{"start":{"line":178,"column":52},"end":{"line":180,"column":5}},"locations":[{"start":{"line":178,"column":52},"end":{"line":180,"column":5}}]},"23":{"type":"branch","line":180,"loc":{"start":{"line":180,"column":4},"end":{"line":182,"column":22}},"locations":[{"start":{"line":180,"column":4},"end":{"line":182,"column":22}}]},"24":{"type":"branch","line":188,"loc":{"start":{"line":188,"column":2},"end":{"line":298,"column":3}},"locations":[{"start":{"line":188,"column":2},"end":{"line":298,"column":3}}]},"25":{"type":"branch","line":199,"loc":{"start":{"line":199,"column":18},"end":{"line":205,"column":7}},"locations":[{"start":{"line":199,"column":18},"end":{"line":205,"column":7}}]},"26":{"type":"branch","line":206,"loc":{"start":{"line":206,"column":4},"end":{"line":208,"column":61}},"locations":[{"start":{"line":206,"column":4},"end":{"line":208,"column":61}}]},"27":{"type":"branch","line":208,"loc":{"start":{"line":208,"column":61},"end":{"line":218,"column":5}},"locations":[{"start":{"line":208,"column":61},"end":{"line":218,"column":5}}]},"28":{"type":"branch","line":218,"loc":{"start":{"line":218,"column":4},"end":{"line":226,"column":30}},"locations":[{"start":{"line":218,"column":4},"end":{"line":226,"column":30}}]},"29":{"type":"branch","line":226,"loc":{"start":{"line":226,"column":30},"end":{"line":268,"column":5}},"locations":[{"start":{"line":226,"column":30},"end":{"line":268,"column":5}}]},"30":{"type":"branch","line":227,"loc":{"start":{"line":227,"column":40},"end":{"line":267,"column":7}},"locations":[{"start":{"line":227,"column":40},"end":{"line":267,"column":7}}]},"31":{"type":"branch","line":243,"loc":{"start":{"line":243,"column":35},"end":{"line":246,"column":9}},"locations":[{"start":{"line":243,"column":35},"end":{"line":246,"column":9}}]},"32":{"type":"branch","line":249,"loc":{"start":{"line":249,"column":40},"end":{"line":257,"column":9}},"locations":[{"start":{"line":249,"column":40},"end":{"line":257,"column":9}}]},"33":{"type":"branch","line":253,"loc":{"start":{"line":253,"column":36},"end":{"line":256,"column":11}},"locations":[{"start":{"line":253,"column":36},"end":{"line":256,"column":11}}]},"34":{"type":"branch","line":260,"loc":{"start":{"line":260,"column":50},"end":{"line":262,"column":9}},"locations":[{"start":{"line":260,"column":50},"end":{"line":262,"column":9}}]},"35":{"type":"branch","line":264,"loc":{"start":{"line":264,"column":24},"end":{"line":264,"column":52}},"locations":[{"start":{"line":264,"column":24},"end":{"line":264,"column":52}}]},"36":{"type":"branch","line":264,"loc":{"start":{"line":264,"column":52},"end":{"line":266,"column":9}},"locations":[{"start":{"line":264,"column":52},"end":{"line":266,"column":9}}]},"37":{"type":"branch","line":268,"loc":{"start":{"line":268,"column":4},"end":{"line":293,"column":31}},"locations":[{"start":{"line":268,"column":4},"end":{"line":293,"column":31}}]},"38":{"type":"branch","line":293,"loc":{"start":{"line":293,"column":31},"end":{"line":295,"column":5}},"locations":[{"start":{"line":293,"column":31},"end":{"line":295,"column":5}}]},"39":{"type":"branch","line":295,"loc":{"start":{"line":295,"column":4},"end":{"line":297,"column":18}},"locations":[{"start":{"line":295,"column":4},"end":{"line":297,"column":18}}]},"40":{"type":"branch","line":271,"loc":{"start":{"line":271,"column":57},"end":{"line":271,"column":73}},"locations":[{"start":{"line":271,"column":57},"end":{"line":271,"column":73}}]},"41":{"type":"branch","line":272,"loc":{"start":{"line":272,"column":6},"end":{"line":272,"column":33}},"locations":[{"start":{"line":272,"column":6},"end":{"line":272,"column":33}}]},"42":{"type":"branch","line":275,"loc":{"start":{"line":275,"column":79},"end":{"line":275,"column":90}},"locations":[{"start":{"line":275,"column":79},"end":{"line":275,"column":90}}]},"43":{"type":"branch","line":300,"loc":{"start":{"line":300,"column":10},"end":{"line":304,"column":3}},"locations":[{"start":{"line":300,"column":10},"end":{"line":304,"column":3}}]},"44":{"type":"branch","line":301,"loc":{"start":{"line":301,"column":26},"end":{"line":301,"column":35}},"locations":[{"start":{"line":301,"column":26},"end":{"line":301,"column":35}}]},"45":{"type":"branch","line":301,"loc":{"start":{"line":301,"column":33},"end":{"line":302,"column":33}},"locations":[{"start":{"line":301,"column":33},"end":{"line":302,"column":33}}]},"46":{"type":"branch","line":302,"loc":{"start":{"line":302,"column":26},"end":{"line":303,"column":13}},"locations":[{"start":{"line":302,"column":26},"end":{"line":303,"column":13}}]},"47":{"type":"branch","line":306,"loc":{"start":{"line":306,"column":10},"end":{"line":324,"column":3}},"locations":[{"start":{"line":306,"column":10},"end":{"line":324,"column":3}}]},"48":{"type":"branch","line":313,"loc":{"start":{"line":313,"column":70},"end":{"line":321,"column":5}},"locations":[{"start":{"line":313,"column":70},"end":{"line":321,"column":5}}]},"49":{"type":"branch","line":314,"loc":{"start":{"line":314,"column":29},"end":{"line":320,"column":7}},"locations":[{"start":{"line":314,"column":29},"end":{"line":320,"column":7}}]},"50":{"type":"branch","line":326,"loc":{"start":{"line":326,"column":10},"end":{"line":337,"column":3}},"locations":[{"start":{"line":326,"column":10},"end":{"line":337,"column":3}}]},"51":{"type":"branch","line":328,"loc":{"start":{"line":328,"column":17},"end":{"line":328,"column":29}},"locations":[{"start":{"line":328,"column":17},"end":{"line":328,"column":29}}]},"52":{"type":"branch","line":328,"loc":{"start":{"line":328,"column":24},"end":{"line":331,"column":19}},"locations":[{"start":{"line":328,"column":24},"end":{"line":331,"column":19}}]},"53":{"type":"branch","line":331,"loc":{"start":{"line":331,"column":19},"end":{"line":334,"column":5}},"locations":[{"start":{"line":331,"column":19},"end":{"line":334,"column":5}}]},"54":{"type":"branch","line":334,"loc":{"start":{"line":334,"column":4},"end":{"line":336,"column":25}},"locations":[{"start":{"line":334,"column":4},"end":{"line":336,"column":25}}]},"55":{"type":"branch","line":339,"loc":{"start":{"line":339,"column":10},"end":{"line":351,"column":3}},"locations":[{"start":{"line":339,"column":10},"end":{"line":351,"column":3}}]},"56":{"type":"branch","line":346,"loc":{"start":{"line":346,"column":32},"end":{"line":350,"column":5}},"locations":[{"start":{"line":346,"column":32},"end":{"line":350,"column":5}}]},"57":{"type":"branch","line":353,"loc":{"start":{"line":353,"column":10},"end":{"line":358,"column":3}},"locations":[{"start":{"line":353,"column":10},"end":{"line":358,"column":3}}]},"58":{"type":"branch","line":363,"loc":{"start":{"line":363,"column":2},"end":{"line":365,"column":3}},"locations":[{"start":{"line":363,"column":2},"end":{"line":365,"column":3}}]}},"b":{"0":[12],"1":[12],"2":[190],"3":[5680],"4":[2520],"5":[2330],"6":[68401],"7":[3928],"8":[64473],"9":[2520],"10":[13],"11":[66],"12":[0],"13":[396],"14":[11],"15":[0],"16":[6],"17":[99],"18":[0],"19":[190],"20":[2],"21":[188],"22":[4],"23":[184],"24":[13],"25":[1],"26":[12],"27":[1],"28":[11],"29":[50],"30":[55],"31":[14],"32":[80],"33":[16],"34":[7],"35":[54],"36":[9],"37":[11],"38":[7],"39":[11],"40":[9],"41":[1],"42":[9],"43":[11],"44":[7],"45":[4],"46":[2],"47":[11],"48":[9],"49":[8],"50":[13],"51":[12],"52":[1],"53":[0],"54":[1],"55":[11],"56":[0],"57":[12],"58":[1]},"fnMap":{"0":{"name":"<instance_members_initializer>","decl":{"start":{"line":31,"column":40},"end":{"line":380,"column":1}},"loc":{"start":{"line":31,"column":40},"end":{"line":380,"column":1}},"line":31},"1":{"name":"SmartSearchEngine","decl":{"start":{"line":90,"column":2},"end":{"line":102,"column":3}},"loc":{"start":{"line":90,"column":2},"end":{"line":102,"column":3}},"line":90},"2":{"name":"levenshteinDistance","decl":{"start":{"line":107,"column":10},"end":{"line":127,"column":3}},"loc":{"start":{"line":107,"column":10},"end":{"line":127,"column":3}},"line":107},"3":{"name":"normalizeQuery","decl":{"start":{"line":132,"column":10},"end":{"line":134,"column":3}},"loc":{"start":{"line":132,"column":10},"end":{"line":134,"column":3}},"line":132},"4":{"name":"phoneticTransform","decl":{"start":{"line":139,"column":10},"end":{"line":147,"column":3}},"loc":{"start":{"line":139,"column":10},"end":{"line":147,"column":3}},"line":139},"5":{"name":"findSynonyms","decl":{"start":{"line":152,"column":10},"end":{"line":165,"column":3}},"loc":{"start":{"line":152,"column":10},"end":{"line":165,"column":3}},"line":152},"6":{"name":"calculateRelevance","decl":{"start":{"line":170,"column":10},"end":{"line":183,"column":3}},"loc":{"start":{"line":170,"column":10},"end":{"line":183,"column":3}},"line":170},"7":{"name":"search","decl":{"start":{"line":188,"column":2},"end":{"line":298,"column":3}},"loc":{"start":{"line":188,"column":2},"end":{"line":298,"column":3}},"line":188},"8":{"name":"getMaxTypoDistance","decl":{"start":{"line":300,"column":10},"end":{"line":304,"column":3}},"loc":{"start":{"line":300,"column":10},"end":{"line":304,"column":3}},"line":300},"9":{"name":"generateSuggestions","decl":{"start":{"line":306,"column":10},"end":{"line":324,"column":3}},"loc":{"start":{"line":306,"column":10},"end":{"line":324,"column":3}},"line":306},"10":{"name":"getCachedResult","decl":{"start":{"line":326,"column":10},"end":{"line":337,"column":3}},"loc":{"start":{"line":326,"column":10},"end":{"line":337,"column":3}},"line":326},"11":{"name":"cacheResult","decl":{"start":{"line":339,"column":10},"end":{"line":351,"column":3}},"loc":{"start":{"line":339,"column":10},"end":{"line":351,"column":3}},"line":339},"12":{"name":"updateMetrics","decl":{"start":{"line":353,"column":10},"end":{"line":358,"column":3}},"loc":{"start":{"line":353,"column":10},"end":{"line":358,"column":3}},"line":353},"13":{"name":"getMetrics","decl":{"start":{"line":363,"column":2},"end":{"line":365,"column":3}},"loc":{"start":{"line":363,"column":2},"end":{"line":365,"column":3}},"line":363},"14":{"name":"clearCache","decl":{"start":{"line":370,"column":2},"end":{"line":372,"column":3}},"loc":{"start":{"line":370,"column":2},"end":{"line":372,"column":3}},"line":370},"15":{"name":"updateConfig","decl":{"start":{"line":377,"column":2},"end":{"line":379,"column":3}},"loc":{"start":{"line":377,"column":2},"end":{"line":379,"column":3}},"line":377}},"f":{"0":12,"1":12,"2":190,"3":13,"4":66,"5":11,"6":190,"7":13,"8":11,"9":11,"10":13,"11":11,"12":12,"13":1,"14":0,"15":0}}
,"C:\\! HEYS 2\\packages\\shared\\src\\index.ts": {"path":"C:\\! HEYS 2\\packages\\shared\\src\\index.ts","all":false,"statementMap":{"1":{"start":{"line":2,"column":0},"end":{"line":2,"column":75}},"2":{"start":{"line":3,"column":0},"end":{"line":3,"column":52}}},"s":{"1":1,"2":1},"branchMap":{"0":{"type":"branch","line":2,"loc":{"start":{"line":2,"column":26},"end":{"line":2,"column":75}},"locations":[{"start":{"line":2,"column":26},"end":{"line":2,"column":75}}]},"1":{"type":"branch","line":3,"loc":{"start":{"line":3,"column":26},"end":{"line":3,"column":52}},"locations":[{"start":{"line":3,"column":26},"end":{"line":3,"column":52}}]}},"b":{"0":[14],"1":[110]},"fnMap":{"0":{"name":"formatDate","decl":{"start":{"line":2,"column":26},"end":{"line":2,"column":75}},"loc":{"start":{"line":2,"column":26},"end":{"line":2,"column":75}},"line":2},"1":{"name":"generateId","decl":{"start":{"line":3,"column":26},"end":{"line":3,"column":52}},"loc":{"start":{"line":3,"column":26},"end":{"line":3,"column":52}},"line":3}},"f":{"0":14,"1":110}}
,"C:\\! HEYS 2\\packages\\storage\\src\\index.ts": {"path":"C:\\! HEYS 2\\packages\\storage\\src\\index.ts","all":false,"statementMap":{"1":{"start":{"line":2,"column":0},"end":{"line":2,"column":37}},"2":{"start":{"line":3,"column":0},"end":{"line":3,"column":50}},"3":{"start":{"line":4,"column":0},"end":{"line":4,"column":72}},"4":{"start":{"line":5,"column":0},"end":{"line":5,"column":3}}},"s":{"1":1,"2":14,"3":14,"4":14},"branchMap":{"0":{"type":"branch","line":2,"loc":{"start":{"line":2,"column":29},"end":{"line":5,"column":3}},"locations":[{"start":{"line":2,"column":29},"end":{"line":5,"column":3}}]},"1":{"type":"branch","line":3,"loc":{"start":{"line":3,"column":7},"end":{"line":3,"column":50}},"locations":[{"start":{"line":3,"column":7},"end":{"line":3,"column":50}}]},"2":{"type":"branch","line":4,"loc":{"start":{"line":4,"column":7},"end":{"line":4,"column":72}},"locations":[{"start":{"line":4,"column":7},"end":{"line":4,"column":72}}]}},"b":{"0":[14],"1":[13],"2":[12]},"fnMap":{"0":{"name":"createStorage","decl":{"start":{"line":2,"column":29},"end":{"line":5,"column":3}},"loc":{"start":{"line":2,"column":29},"end":{"line":5,"column":3}},"line":2},"1":{"name":"get","decl":{"start":{"line":3,"column":7},"end":{"line":3,"column":50}},"loc":{"start":{"line":3,"column":7},"end":{"line":3,"column":50}},"line":3},"2":{"name":"set","decl":{"start":{"line":4,"column":7},"end":{"line":4,"column":72}},"loc":{"start":{"line":4,"column":7},"end":{"line":4,"column":72}},"line":4}},"f":{"0":14,"1":13,"2":12}}
,"C:\\! HEYS 2\\packages\\ui\\src\\index.ts": {"path":"C:\\! HEYS 2\\packages\\ui\\src\\index.ts","all":true,"statementMap":{"0":{"start":{"line":1,"column":0},"end":{"line":1,"column":29}},"1":{"start":{"line":2,"column":0},"end":{"line":2,"column":55}},"2":{"start":{"line":3,"column":0},"end":{"line":3,"column":52}},"3":{"start":{"line":4,"column":0},"end":{"line":4,"column":49}},"4":{"start":{"line":5,"column":0},"end":{"line":5,"column":0}},"5":{"start":{"line":6,"column":0},"end":{"line":6,"column":15}},"6":{"start":{"line":7,"column":0},"end":{"line":7,"column":65}},"7":{"start":{"line":8,"column":0},"end":{"line":8,"column":62}},"8":{"start":{"line":9,"column":0},"end":{"line":9,"column":59}}},"s":{"0":0,"1":0,"2":0,"3":0,"4":0,"5":0,"6":0,"7":0,"8":0},"branchMap":{"0":{"type":"branch","line":1,"loc":{"start":{"line":1,"column":0},"end":{"line":9,"column":59}},"locations":[{"start":{"line":1,"column":0},"end":{"line":9,"column":59}}]}},"b":{"0":[0]},"fnMap":{"0":{"name":"(empty-report)","decl":{"start":{"line":1,"column":0},"end":{"line":9,"column":59}},"loc":{"start":{"line":1,"column":0},"end":{"line":9,"column":59}},"line":1}},"f":{"0":0}}
,"C:\\! HEYS 2\\packages\\ui\\src\\test-setup.ts": {"path":"C:\\! HEYS 2\\packages\\ui\\src\\test-setup.ts","all":false,"statementMap":{"0":{"start":{"line":1,"column":0},"end":{"line":1,"column":35}},"3":{"start":{"line":4,"column":0},"end":{"line":4,"column":32}},"4":{"start":{"line":5,"column":0},"end":{"line":5,"column":63}},"6":{"start":{"line":7,"column":0},"end":{"line":7,"column":24}}},"s":{"0":1,"3":1,"4":1,"6":1},"branchMap":{},"b":{},"fnMap":{},"f":{}}
,"C:\\! HEYS 2\\packages\\ui\\src\\components\\Button\\Button.tsx": {"path":"C:\\! HEYS 2\\packages\\ui\\src\\components\\Button\\Button.tsx","all":false,"statementMap":{"9":{"start":{"line":10,"column":0},"end":{"line":10,"column":47}},"10":{"start":{"line":11,"column":0},"end":{"line":11,"column":22}},"11":{"start":{"line":12,"column":0},"end":{"line":12,"column":14}},"12":{"start":{"line":13,"column":0},"end":{"line":13,"column":18}},"13":{"start":{"line":14,"column":0},"end":{"line":14,"column":11}},"14":{"start":{"line":15,"column":0},"end":{"line":15,"column":17}},"15":{"start":{"line":16,"column":0},"end":{"line":16,"column":11}},"16":{"start":{"line":17,"column":0},"end":{"line":17,"column":10}},"17":{"start":{"line":18,"column":0},"end":{"line":18,"column":7}},"18":{"start":{"line":19,"column":0},"end":{"line":19,"column":21}},"19":{"start":{"line":20,"column":0},"end":{"line":20,"column":188}},"21":{"start":{"line":22,"column":0},"end":{"line":22,"column":26}},"22":{"start":{"line":23,"column":0},"end":{"line":23,"column":76}},"23":{"start":{"line":24,"column":0},"end":{"line":24,"column":78}},"24":{"start":{"line":25,"column":0},"end":{"line":25,"column":90}},"25":{"start":{"line":26,"column":0},"end":{"line":26,"column":66}},"26":{"start":{"line":27,"column":0},"end":{"line":27,"column":4}},"28":{"start":{"line":29,"column":0},"end":{"line":29,"column":23}},"29":{"start":{"line":30,"column":0},"end":{"line":30,"column":30}},"30":{"start":{"line":31,"column":0},"end":{"line":31,"column":30}},"31":{"start":{"line":32,"column":0},"end":{"line":32,"column":28}},"32":{"start":{"line":33,"column":0},"end":{"line":33,"column":4}},"34":{"start":{"line":35,"column":0},"end":{"line":35,"column":86}},"35":{"start":{"line":36,"column":0},"end":{"line":36,"column":20}},"36":{"start":{"line":37,"column":0},"end":{"line":37,"column":15}},"38":{"start":{"line":39,"column":0},"end":{"line":39,"column":10}},"39":{"start":{"line":40,"column":0},"end":{"line":40,"column":74}},"40":{"start":{"line":41,"column":0},"end":{"line":41,"column":18}},"41":{"start":{"line":42,"column":0},"end":{"line":42,"column":10}},"42":{"start":{"line":43,"column":0},"end":{"line":43,"column":91}},"43":{"start":{"line":44,"column":0},"end":{"line":44,"column":19}},"44":{"start":{"line":45,"column":0},"end":{"line":45,"column":21}},"45":{"start":{"line":46,"column":0},"end":{"line":46,"column":21}},"46":{"start":{"line":47,"column":0},"end":{"line":47,"column":20}},"47":{"start":{"line":48,"column":0},"end":{"line":48,"column":35}},"48":{"start":{"line":49,"column":0},"end":{"line":49,"column":29}},"49":{"start":{"line":50,"column":0},"end":{"line":50,"column":36}},"50":{"start":{"line":51,"column":0},"end":{"line":51,"column":14}},"51":{"start":{"line":52,"column":0},"end":{"line":52,"column":17}},"52":{"start":{"line":53,"column":0},"end":{"line":53,"column":33}},"53":{"start":{"line":54,"column":0},"end":{"line":54,"column":129}},"54":{"start":{"line":55,"column":0},"end":{"line":55,"column":36}},"55":{"start":{"line":56,"column":0},"end":{"line":56,"column":14}},"56":{"start":{"line":57,"column":0},"end":{"line":57,"column":16}},"58":{"start":{"line":59,"column":0},"end":{"line":59,"column":11}},"60":{"start":{"line":61,"column":0},"end":{"line":61,"column":16}},"62":{"start":{"line":63,"column":0},"end":{"line":63,"column":13}},"64":{"start":{"line":65,"column":0},"end":{"line":65,"column":2}}},"s":{"9":1,"10":20,"11":20,"12":20,"13":20,"14":20,"15":20,"16":20,"17":20,"18":20,"19":20,"21":20,"22":20,"23":20,"24":20,"25":20,"26":20,"28":20,"29":20,"30":20,"31":20,"32":20,"34":20,"35":20,"36":20,"38":20,"39":20,"40":20,"41":3,"42":3,"43":3,"44":3,"45":3,"46":3,"47":3,"48":3,"49":3,"50":3,"51":3,"52":3,"53":3,"54":3,"55":3,"56":3,"58":3,"60":17,"62":20,"64":20},"branchMap":{"0":{"type":"branch","line":10,"loc":{"start":{"line":10,"column":45},"end":{"line":65,"column":2}},"locations":[{"start":{"line":10,"column":45},"end":{"line":65,"column":2}}]},"1":{"type":"branch","line":40,"loc":{"start":{"line":40,"column":42},"end":{"line":40,"column":64}},"locations":[{"start":{"line":40,"column":42},"end":{"line":40,"column":64}}]},"2":{"type":"branch","line":41,"loc":{"start":{"line":41,"column":7},"end":{"line":59,"column":11}},"locations":[{"start":{"line":41,"column":7},"end":{"line":59,"column":11}}]},"3":{"type":"branch","line":59,"loc":{"start":{"line":59,"column":8},"end":{"line":61,"column":16}},"locations":[{"start":{"line":59,"column":8},"end":{"line":61,"column":16}}]}},"b":{"0":[20],"1":[18],"2":[3],"3":[17]},"fnMap":{"0":{"name":"Button","decl":{"start":{"line":10,"column":45},"end":{"line":65,"column":2}},"loc":{"start":{"line":10,"column":45},"end":{"line":65,"column":2}},"line":10}},"f":{"0":20}}
}
